  Bicicleta.cpp
C:\Users\DxGod\Desktop\Bicicleta\Bicicleta\Bicicleta.cpp(154,29): warning C4305: 'argument': truncation from 'double' to 'GLclampf'
C:\Users\DxGod\Desktop\Bicicleta\Bicicleta\Bicicleta.cpp(163,10): warning C4305: '+=': truncation from 'double' to 'GLfloat'
C:\Users\DxGod\Desktop\Bicicleta\Bicicleta\Bicicleta.cpp(164,16): warning C4305: '+=': truncation from 'double' to 'GLfloat'
C:\Users\DxGod\Desktop\Bicicleta\Bicicleta\Bicicleta.cpp(165,15): warning C4305: '+=': truncation from 'double' to 'GLfloat'
C:\Users\DxGod\Desktop\Bicicleta\Bicicleta\Bicicleta.cpp(169,10): warning C4305: '-=': truncation from 'double' to 'GLfloat'
C:\Users\DxGod\Desktop\Bicicleta\Bicicleta\Bicicleta.cpp(170,16): warning C4305: '-=': truncation from 'double' to 'GLfloat'
C:\Users\DxGod\Desktop\Bicicleta\Bicicleta\Bicicleta.cpp(171,15): warning C4305: '-=': truncation from 'double' to 'GLfloat'
C:\Users\DxGod\Desktop\Bicicleta\Bicicleta\Bicicleta.cpp(183,21): warning C4305: '+=': truncation from 'double' to 'GLfloat'
C:\Users\DxGod\Desktop\Bicicleta\Bicicleta\Bicicleta.cpp(189,21): warning C4305: '-=': truncation from 'double' to 'GLfloat'
C:\Users\DxGod\Desktop\Bicicleta\Bicicleta\Bicicleta.cpp(216,30): warning C4305: 'argument': truncation from 'double' to 'GLfloat'
C:\Users\DxGod\Desktop\Bicicleta\Bicicleta\Bicicleta.cpp(229,30): warning C4305: 'argument': truncation from 'double' to 'GLfloat'
C:\Users\DxGod\Desktop\Bicicleta\Bicicleta\Bicicleta.cpp(232,29): warning C4305: 'argument': truncation from 'double' to 'GLfloat'
C:\Users\DxGod\Desktop\Bicicleta\Bicicleta\Bicicleta.cpp(243,30): warning C4305: 'argument': truncation from 'double' to 'GLfloat'
C:\Users\DxGod\Desktop\Bicicleta\Bicicleta\Bicicleta.cpp(246,29): warning C4305: 'argument': truncation from 'double' to 'GLfloat'
C:\Users\DxGod\Desktop\Bicicleta\Bicicleta\Bicicleta.cpp(257,30): warning C4305: 'argument': truncation from 'double' to 'GLfloat'
C:\Users\DxGod\Desktop\Bicicleta\Bicicleta\Bicicleta.cpp(259,27): warning C4305: 'argument': truncation from 'double' to 'GLfloat'
C:\Users\DxGod\Desktop\Bicicleta\Bicicleta\Bicicleta.cpp(260,29): warning C4305: 'argument': truncation from 'double' to 'GLfloat'
C:\Users\DxGod\Desktop\Bicicleta\Bicicleta\Bicicleta.cpp(271,30): warning C4305: 'argument': truncation from 'double' to 'GLfloat'
C:\Users\DxGod\Desktop\Bicicleta\Bicicleta\Bicicleta.cpp(274,32): warning C4305: 'argument': truncation from 'double' to 'GLfloat'
C:\Users\DxGod\Desktop\Bicicleta\Bicicleta\Bicicleta.cpp(285,30): warning C4305: 'argument': truncation from 'double' to 'GLfloat'
C:\Users\DxGod\Desktop\Bicicleta\Bicicleta\Bicicleta.cpp(288,31): warning C4305: 'argument': truncation from 'double' to 'GLfloat'
C:\Users\DxGod\Desktop\Bicicleta\Bicicleta\Bicicleta.cpp(299,30): warning C4305: 'argument': truncation from 'double' to 'GLfloat'
C:\Users\DxGod\Desktop\Bicicleta\Bicicleta\Bicicleta.cpp(305,33): warning C4305: 'argument': truncation from 'double' to 'GLfloat'
C:\Users\DxGod\Desktop\Bicicleta\Bicicleta\Bicicleta.cpp(314,32): warning C4305: 'argument': truncation from 'double' to 'GLfloat'
C:\Users\DxGod\Desktop\Bicicleta\Bicicleta\Bicicleta.cpp(326,30): warning C4305: 'argument': truncation from 'double' to 'GLfloat'
C:\Users\DxGod\Desktop\Bicicleta\Bicicleta\Bicicleta.cpp(332,34): warning C4305: 'argument': truncation from 'double' to 'GLfloat'
C:\Users\DxGod\Desktop\Bicicleta\Bicicleta\Bicicleta.cpp(341,34): warning C4305: 'argument': truncation from 'double' to 'GLfloat'
C:\Users\DxGod\Desktop\Bicicleta\Bicicleta\Bicicleta.cpp(351,30): warning C4305: 'argument': truncation from 'double' to 'GLfloat'
C:\Users\DxGod\Desktop\Bicicleta\Bicicleta\Bicicleta.cpp(354,33): warning C4305: 'argument': truncation from 'double' to 'GLfloat'
C:\Users\DxGod\Desktop\Bicicleta\Bicicleta\Bicicleta.cpp(366,30): warning C4305: 'argument': truncation from 'double' to 'GLfloat'
C:\Users\DxGod\Desktop\Bicicleta\Bicicleta\Bicicleta.cpp(369,32): warning C4305: 'argument': truncation from 'double' to 'GLfloat'
C:\Users\DxGod\Desktop\Bicicleta\Bicicleta\Bicicleta.cpp(381,30): warning C4305: 'argument': truncation from 'double' to 'GLfloat'
C:\Users\DxGod\Desktop\Bicicleta\Bicicleta\Bicicleta.cpp(385,30): warning C4305: 'argument': truncation from 'double' to 'GLfloat'
C:\Users\DxGod\Desktop\Bicicleta\Bicicleta\Bicicleta.cpp(391,30): warning C4305: 'argument': truncation from 'double' to 'GLfloat'
C:\Users\DxGod\Desktop\Bicicleta\Bicicleta\Bicicleta.cpp(402,26): warning C4305: 'argument': truncation from 'double' to 'GLfloat'
C:\Users\DxGod\Desktop\Bicicleta\Bicicleta\Bicicleta.cpp(403,29): warning C4305: 'argument': truncation from 'double' to 'GLfloat'
C:\Users\DxGod\Desktop\Bicicleta\Bicicleta\Bicicleta.cpp(405,35): warning C4305: 'argument': truncation from 'double' to 'GLfloat'
C:\Users\DxGod\Desktop\Bicicleta\Bicicleta\Bicicleta.cpp(405,61): warning C4305: 'argument': truncation from 'double' to 'GLfloat'
C:\Users\DxGod\Desktop\Bicicleta\Bicicleta\Bicicleta.cpp(406,35): warning C4305: 'argument': truncation from 'double' to 'GLfloat'
C:\Users\DxGod\Desktop\Bicicleta\Bicicleta\Bicicleta.cpp(406,64): warning C4305: 'argument': truncation from 'double' to 'GLfloat'
C:\Users\DxGod\Desktop\Bicicleta\Bicicleta\Bicicleta.cpp(408,34): warning C4305: 'argument': truncation from 'double' to 'GLfloat'
C:\Users\DxGod\Desktop\Bicicleta\Bicicleta\Bicicleta.cpp(408,57): warning C4305: 'argument': truncation from 'double' to 'GLfloat'
C:\Users\DxGod\Desktop\Bicicleta\Bicicleta\Bicicleta.cpp(409,34): warning C4305: 'argument': truncation from 'double' to 'GLfloat'
C:\Users\DxGod\Desktop\Bicicleta\Bicicleta\Bicicleta.cpp(409,60): warning C4305: 'argument': truncation from 'double' to 'GLfloat'
C:\Users\DxGod\Desktop\Bicicleta\Bicicleta\Bicicleta.cpp(411,34): warning C4305: 'argument': truncation from 'double' to 'GLfloat'
C:\Users\DxGod\Desktop\Bicicleta\Bicicleta\Bicicleta.cpp(412,34): warning C4305: 'argument': truncation from 'double' to 'GLfloat'
C:\Users\DxGod\Desktop\Bicicleta\Bicicleta\Bicicleta.cpp(412,61): warning C4305: 'argument': truncation from 'double' to 'GLfloat'
C:\Users\DxGod\Desktop\Bicicleta\Bicicleta\Bicicleta.cpp(414,35): warning C4305: 'argument': truncation from 'double' to 'GLfloat'
C:\Users\DxGod\Desktop\Bicicleta\Bicicleta\Bicicleta.cpp(414,59): warning C4305: 'argument': truncation from 'double' to 'GLfloat'
C:\Users\DxGod\Desktop\Bicicleta\Bicicleta\Bicicleta.cpp(415,36): warning C4305: 'argument': truncation from 'double' to 'GLfloat'
C:\Users\DxGod\Desktop\Bicicleta\Bicicleta\Bicicleta.cpp(415,63): warning C4305: 'argument': truncation from 'double' to 'GLfloat'
C:\Users\DxGod\Desktop\Bicicleta\Bicicleta\Bicicleta.cpp(417,36): warning C4305: 'argument': truncation from 'double' to 'GLfloat'
C:\Users\DxGod\Desktop\Bicicleta\Bicicleta\Bicicleta.cpp(417,63): warning C4305: 'argument': truncation from 'double' to 'GLfloat'
C:\Users\DxGod\Desktop\Bicicleta\Bicicleta\Bicicleta.cpp(418,36): warning C4305: 'argument': truncation from 'double' to 'GLfloat'
C:\Users\DxGod\Desktop\Bicicleta\Bicicleta\Bicicleta.cpp(418,66): warning C4305: 'argument': truncation from 'double' to 'GLfloat'
C:\Users\DxGod\Desktop\Bicicleta\Bicicleta\Bicicleta.cpp(420,35): warning C4305: 'argument': truncation from 'double' to 'GLfloat'
C:\Users\DxGod\Desktop\Bicicleta\Bicicleta\Bicicleta.cpp(420,61): warning C4305: 'argument': truncation from 'double' to 'GLfloat'
C:\Users\DxGod\Desktop\Bicicleta\Bicicleta\Bicicleta.cpp(421,35): warning C4305: 'argument': truncation from 'double' to 'GLfloat'
C:\Users\DxGod\Desktop\Bicicleta\Bicicleta\Bicicleta.cpp(421,64): warning C4305: 'argument': truncation from 'double' to 'GLfloat'
C:\Users\DxGod\Desktop\Bicicleta\Bicicleta\Bicicleta.cpp(426,35): warning C4305: 'argument': truncation from 'double' to 'GLfloat'
C:\Users\DxGod\Desktop\Bicicleta\Bicicleta\Bicicleta.cpp(426,61): warning C4305: 'argument': truncation from 'double' to 'GLfloat'
C:\Users\DxGod\Desktop\Bicicleta\Bicicleta\Bicicleta.cpp(427,34): warning C4305: 'argument': truncation from 'double' to 'GLfloat'
C:\Users\DxGod\Desktop\Bicicleta\Bicicleta\Bicicleta.cpp(427,57): warning C4305: 'argument': truncation from 'double' to 'GLfloat'
C:\Users\DxGod\Desktop\Bicicleta\Bicicleta\Bicicleta.cpp(428,34): warning C4305: 'argument': truncation from 'double' to 'GLfloat'
C:\Users\DxGod\Desktop\Bicicleta\Bicicleta\Bicicleta.cpp(429,36): warning C4305: 'argument': truncation from 'double' to 'GLfloat'
C:\Users\DxGod\Desktop\Bicicleta\Bicicleta\Bicicleta.cpp(429,60): warning C4305: 'argument': truncation from 'double' to 'GLfloat'
C:\Users\DxGod\Desktop\Bicicleta\Bicicleta\Bicicleta.cpp(430,36): warning C4305: 'argument': truncation from 'double' to 'GLfloat'
C:\Users\DxGod\Desktop\Bicicleta\Bicicleta\Bicicleta.cpp(430,63): warning C4305: 'argument': truncation from 'double' to 'GLfloat'
C:\Users\DxGod\Desktop\Bicicleta\Bicicleta\Bicicleta.cpp(434,35): warning C4305: 'argument': truncation from 'double' to 'GLfloat'
C:\Users\DxGod\Desktop\Bicicleta\Bicicleta\Bicicleta.cpp(434,64): warning C4305: 'argument': truncation from 'double' to 'GLfloat'
C:\Users\DxGod\Desktop\Bicicleta\Bicicleta\Bicicleta.cpp(435,34): warning C4305: 'argument': truncation from 'double' to 'GLfloat'
C:\Users\DxGod\Desktop\Bicicleta\Bicicleta\Bicicleta.cpp(435,60): warning C4305: 'argument': truncation from 'double' to 'GLfloat'
C:\Users\DxGod\Desktop\Bicicleta\Bicicleta\Bicicleta.cpp(436,34): warning C4305: 'argument': truncation from 'double' to 'GLfloat'
C:\Users\DxGod\Desktop\Bicicleta\Bicicleta\Bicicleta.cpp(436,61): warning C4305: 'argument': truncation from 'double' to 'GLfloat'
C:\Users\DxGod\Desktop\Bicicleta\Bicicleta\Bicicleta.cpp(437,35): warning C4305: 'argument': truncation from 'double' to 'GLfloat'
C:\Users\DxGod\Desktop\Bicicleta\Bicicleta\Bicicleta.cpp(437,62): warning C4305: 'argument': truncation from 'double' to 'GLfloat'
C:\Users\DxGod\Desktop\Bicicleta\Bicicleta\Bicicleta.cpp(438,36): warning C4305: 'argument': truncation from 'double' to 'GLfloat'
C:\Users\DxGod\Desktop\Bicicleta\Bicicleta\Bicicleta.cpp(438,66): warning C4305: 'argument': truncation from 'double' to 'GLfloat'
C:\Users\DxGod\Desktop\Bicicleta\Bicicleta\Bicicleta.cpp(451,63): warning C4305: 'argument': truncation from 'double' to 'GLfloat'
C:\Users\DxGod\Desktop\Bicicleta\Bicicleta\Bicicleta.cpp(451,90): warning C4305: 'argument': truncation from 'double' to 'GLfloat'
C:\Users\DxGod\Desktop\Bicicleta\Bicicleta\Bicicleta.cpp(452,62): warning C4305: 'argument': truncation from 'double' to 'GLfloat'
C:\Users\DxGod\Desktop\Bicicleta\Bicicleta\Bicicleta.cpp(453,61): warning C4305: 'argument': truncation from 'double' to 'GLfloat'
C:\Users\DxGod\Desktop\Bicicleta\Bicicleta\Bicicleta.cpp(454,62): warning C4305: 'argument': truncation from 'double' to 'GLfloat'
C:\Users\DxGod\Desktop\Bicicleta\Bicicleta\Bicicleta.cpp(454,89): warning C4305: 'argument': truncation from 'double' to 'GLfloat'
C:\Users\DxGod\Desktop\Bicicleta\Bicicleta\Bicicleta.cpp(462,64): warning C4305: 'argument': truncation from 'double' to 'GLfloat'
C:\Users\DxGod\Desktop\Bicicleta\Bicicleta\Bicicleta.cpp(463,64): warning C4305: 'argument': truncation from 'double' to 'GLfloat'
C:\Users\DxGod\Desktop\Bicicleta\Bicicleta\Bicicleta.cpp(463,90): warning C4305: 'argument': truncation from 'double' to 'GLfloat'
C:\Users\DxGod\Desktop\Bicicleta\Bicicleta\Bicicleta.cpp(464,63): warning C4305: 'argument': truncation from 'double' to 'GLfloat'
C:\Users\DxGod\Desktop\Bicicleta\Bicicleta\Bicicleta.cpp(464,89): warning C4305: 'argument': truncation from 'double' to 'GLfloat'
C:\Users\DxGod\Desktop\Bicicleta\Bicicleta\Bicicleta.cpp(465,63): warning C4305: 'argument': truncation from 'double' to 'GLfloat'
C:\Users\DxGod\Desktop\Bicicleta\Bicicleta\Bicicleta.cpp(473,63): warning C4305: 'argument': truncation from 'double' to 'GLfloat'
C:\Users\DxGod\Desktop\Bicicleta\Bicicleta\Bicicleta.cpp(474,63): warning C4305: 'argument': truncation from 'double' to 'GLfloat'
C:\Users\DxGod\Desktop\Bicicleta\Bicicleta\Bicicleta.cpp(475,62): warning C4305: 'argument': truncation from 'double' to 'GLfloat'
C:\Users\DxGod\Desktop\Bicicleta\Bicicleta\Bicicleta.cpp(476,62): warning C4305: 'argument': truncation from 'double' to 'GLfloat'
C:\Users\DxGod\Desktop\Bicicleta\Bicicleta\Bicicleta.cpp(483,63): warning C4305: 'argument': truncation from 'double' to 'GLfloat'
C:\Users\DxGod\Desktop\Bicicleta\Bicicleta\Bicicleta.cpp(484,62): warning C4305: 'argument': truncation from 'double' to 'GLfloat'
C:\Users\DxGod\Desktop\Bicicleta\Bicicleta\Bicicleta.cpp(485,61): warning C4305: 'argument': truncation from 'double' to 'GLfloat'
C:\Users\DxGod\Desktop\Bicicleta\Bicicleta\Bicicleta.cpp(486,62): warning C4305: 'argument': truncation from 'double' to 'GLfloat'
C:\Users\DxGod\Desktop\Bicicleta\Bicicleta\Bicicleta.cpp(496,30): warning C4305: 'argument': truncation from 'double' to 'GLfloat'
C:\Users\DxGod\Desktop\Bicicleta\Bicicleta\Bicicleta.cpp(497,37): warning C4305: 'argument': truncation from 'double' to 'GLfloat'
C:\Users\DxGod\Desktop\Bicicleta\Bicicleta\Bicicleta.cpp(497,65): warning C4305: 'argument': truncation from 'double' to 'GLfloat'
C:\Users\DxGod\Desktop\Bicicleta\Bicicleta\Bicicleta.cpp(498,36): warning C4305: 'argument': truncation from 'double' to 'GLfloat'
C:\Users\DxGod\Desktop\Bicicleta\Bicicleta\Bicicleta.cpp(499,35): warning C4305: 'argument': truncation from 'double' to 'GLfloat'
C:\Users\DxGod\Desktop\Bicicleta\Bicicleta\Bicicleta.cpp(500,36): warning C4305: 'argument': truncation from 'double' to 'GLfloat'
C:\Users\DxGod\Desktop\Bicicleta\Bicicleta\Bicicleta.cpp(500,64): warning C4305: 'argument': truncation from 'double' to 'GLfloat'
C:\Users\DxGod\Desktop\Bicicleta\Bicicleta\Bicicleta.cpp(508,38): warning C4305: 'argument': truncation from 'double' to 'GLfloat'
C:\Users\DxGod\Desktop\Bicicleta\Bicicleta\Bicicleta.cpp(508,72): warning C4305: 'argument': truncation from 'double' to 'GLfloat'
C:\Users\DxGod\Desktop\Bicicleta\Bicicleta\Bicicleta.cpp(509,38): warning C4305: 'argument': truncation from 'double' to 'GLfloat'
C:\Users\DxGod\Desktop\Bicicleta\Bicicleta\Bicicleta.cpp(509,73): warning C4305: 'argument': truncation from 'double' to 'GLfloat'
C:\Users\DxGod\Desktop\Bicicleta\Bicicleta\Bicicleta.cpp(510,38): warning C4305: 'argument': truncation from 'double' to 'GLfloat'
C:\Users\DxGod\Desktop\Bicicleta\Bicicleta\Bicicleta.cpp(510,73): warning C4305: 'argument': truncation from 'double' to 'GLfloat'
C:\Users\DxGod\Desktop\Bicicleta\Bicicleta\Bicicleta.cpp(511,38): warning C4305: 'argument': truncation from 'double' to 'GLfloat'
C:\Users\DxGod\Desktop\Bicicleta\Bicicleta\Bicicleta.cpp(511,73): warning C4305: 'argument': truncation from 'double' to 'GLfloat'
C:\Users\DxGod\Desktop\Bicicleta\Bicicleta\Bicicleta.cpp(522,30): warning C4305: 'argument': truncation from 'double' to 'GLfloat'
C:\Users\DxGod\Desktop\Bicicleta\Bicicleta\Bicicleta.cpp(524,27): warning C4305: 'argument': truncation from 'double' to 'GLfloat'
C:\Users\DxGod\Desktop\Bicicleta\Bicicleta\Bicicleta.cpp(525,30): warning C4305: 'argument': truncation from 'double' to 'GLfloat'
C:\Users\DxGod\Desktop\Bicicleta\Bicicleta\Bicicleta.cpp(529,30): warning C4305: 'argument': truncation from 'double' to 'GLfloat'
C:\Users\DxGod\Desktop\Bicicleta\Bicicleta\Bicicleta.cpp(535,30): warning C4305: 'argument': truncation from 'double' to 'GLfloat'
C:\Users\DxGod\Desktop\Bicicleta\Bicicleta\Bicicleta.cpp(537,27): warning C4305: 'argument': truncation from 'double' to 'GLfloat'
C:\Users\DxGod\Desktop\Bicicleta\Bicicleta\Bicicleta.cpp(548,30): warning C4305: 'argument': truncation from 'double' to 'GLfloat'
C:\Users\DxGod\Desktop\Bicicleta\Bicicleta\Bicicleta.cpp(550,27): warning C4305: 'argument': truncation from 'double' to 'GLfloat'
C:\Users\DxGod\Desktop\Bicicleta\Bicicleta\Bicicleta.cpp(551,29): warning C4305: 'argument': truncation from 'double' to 'GLfloat'
C:\Users\DxGod\Desktop\Bicicleta\Bicicleta\Bicicleta.cpp(556,30): warning C4305: 'argument': truncation from 'double' to 'GLfloat'
C:\Users\DxGod\Desktop\Bicicleta\Bicicleta\Bicicleta.cpp(562,30): warning C4305: 'argument': truncation from 'double' to 'GLfloat'
C:\Users\DxGod\Desktop\Bicicleta\Bicicleta\Bicicleta.cpp(564,27): warning C4305: 'argument': truncation from 'double' to 'GLfloat'
C:\Users\DxGod\Desktop\Bicicleta\Bicicleta\Bicicleta.cpp(577,30): warning C4305: 'argument': truncation from 'double' to 'GLfloat'
C:\Users\DxGod\Desktop\Bicicleta\Bicicleta\Bicicleta.cpp(579,27): warning C4305: 'argument': truncation from 'double' to 'GLfloat'
C:\Users\DxGod\Desktop\Bicicleta\Bicicleta\Bicicleta.cpp(580,33): warning C4305: 'argument': truncation from 'double' to 'GLfloat'
C:\Users\DxGod\Desktop\Bicicleta\Bicicleta\Bicicleta.cpp(589,30): warning C4305: 'argument': truncation from 'double' to 'GLfloat'
C:\Users\DxGod\Desktop\Bicicleta\Bicicleta\Bicicleta.cpp(591,27): warning C4305: 'argument': truncation from 'double' to 'GLfloat'
C:\Users\DxGod\Desktop\Bicicleta\Bicicleta\Bicicleta.cpp(593,31): warning C4305: 'argument': truncation from 'double' to 'GLfloat'
C:\Users\DxGod\Desktop\Bicicleta\Bicicleta\Bicicleta.cpp(599,30): warning C4305: 'argument': truncation from 'double' to 'GLfloat'
C:\Users\DxGod\Desktop\Bicicleta\Bicicleta\Bicicleta.cpp(603,32): warning C4305: 'argument': truncation from 'double' to 'GLfloat'
C:\Users\DxGod\Desktop\Bicicleta\Bicicleta\Bicicleta.cpp(604,29): warning C4305: 'argument': truncation from 'double' to 'GLfloat'
C:\Users\DxGod\Desktop\Bicicleta\Bicicleta\Bicicleta.cpp(609,30): warning C4305: 'argument': truncation from 'double' to 'GLfloat'
C:\Users\DxGod\Desktop\Bicicleta\Bicicleta\Bicicleta.cpp(612,32): warning C4305: 'argument': truncation from 'double' to 'GLfloat'
C:\Users\DxGod\Desktop\Bicicleta\Bicicleta\Bicicleta.cpp(613,27): warning C4305: 'argument': truncation from 'double' to 'GLfloat'
C:\Users\DxGod\Desktop\Bicicleta\Bicicleta\Bicicleta.cpp(619,28): warning C4305: 'argument': truncation from 'double' to 'GLfloat'
C:\Users\DxGod\Desktop\Bicicleta\Bicicleta\Bicicleta.cpp(620,29): warning C4305: 'argument': truncation from 'double' to 'GLfloat'
C:\Users\DxGod\Desktop\Bicicleta\Bicicleta\Bicicleta.cpp(623,35): warning C4305: 'argument': truncation from 'double' to 'GLfloat'
C:\Users\DxGod\Desktop\Bicicleta\Bicicleta\Bicicleta.cpp(623,61): warning C4305: 'argument': truncation from 'double' to 'GLfloat'
C:\Users\DxGod\Desktop\Bicicleta\Bicicleta\Bicicleta.cpp(624,35): warning C4305: 'argument': truncation from 'double' to 'GLfloat'
C:\Users\DxGod\Desktop\Bicicleta\Bicicleta\Bicicleta.cpp(624,64): warning C4305: 'argument': truncation from 'double' to 'GLfloat'
C:\Users\DxGod\Desktop\Bicicleta\Bicicleta\Bicicleta.cpp(626,34): warning C4305: 'argument': truncation from 'double' to 'GLfloat'
C:\Users\DxGod\Desktop\Bicicleta\Bicicleta\Bicicleta.cpp(626,57): warning C4305: 'argument': truncation from 'double' to 'GLfloat'
C:\Users\DxGod\Desktop\Bicicleta\Bicicleta\Bicicleta.cpp(627,34): warning C4305: 'argument': truncation from 'double' to 'GLfloat'
C:\Users\DxGod\Desktop\Bicicleta\Bicicleta\Bicicleta.cpp(627,60): warning C4305: 'argument': truncation from 'double' to 'GLfloat'
C:\Users\DxGod\Desktop\Bicicleta\Bicicleta\Bicicleta.cpp(629,35): warning C4305: 'argument': truncation from 'double' to 'GLfloat'
C:\Users\DxGod\Desktop\Bicicleta\Bicicleta\Bicicleta.cpp(629,59): warning C4305: 'argument': truncation from 'double' to 'GLfloat'
C:\Users\DxGod\Desktop\Bicicleta\Bicicleta\Bicicleta.cpp(630,36): warning C4305: 'argument': truncation from 'double' to 'GLfloat'
C:\Users\DxGod\Desktop\Bicicleta\Bicicleta\Bicicleta.cpp(630,63): warning C4305: 'argument': truncation from 'double' to 'GLfloat'
C:\Users\DxGod\Desktop\Bicicleta\Bicicleta\Bicicleta.cpp(632,36): warning C4305: 'argument': truncation from 'double' to 'GLfloat'
C:\Users\DxGod\Desktop\Bicicleta\Bicicleta\Bicicleta.cpp(632,63): warning C4305: 'argument': truncation from 'double' to 'GLfloat'
C:\Users\DxGod\Desktop\Bicicleta\Bicicleta\Bicicleta.cpp(633,36): warning C4305: 'argument': truncation from 'double' to 'GLfloat'
C:\Users\DxGod\Desktop\Bicicleta\Bicicleta\Bicicleta.cpp(633,66): warning C4305: 'argument': truncation from 'double' to 'GLfloat'
C:\Users\DxGod\Desktop\Bicicleta\Bicicleta\Bicicleta.cpp(635,35): warning C4305: 'argument': truncation from 'double' to 'GLfloat'
C:\Users\DxGod\Desktop\Bicicleta\Bicicleta\Bicicleta.cpp(635,61): warning C4305: 'argument': truncation from 'double' to 'GLfloat'
C:\Users\DxGod\Desktop\Bicicleta\Bicicleta\Bicicleta.cpp(636,35): warning C4305: 'argument': truncation from 'double' to 'GLfloat'
C:\Users\DxGod\Desktop\Bicicleta\Bicicleta\Bicicleta.cpp(636,64): warning C4305: 'argument': truncation from 'double' to 'GLfloat'
C:\Users\DxGod\Desktop\Bicicleta\Bicicleta\Bicicleta.cpp(640,35): warning C4305: 'argument': truncation from 'double' to 'GLfloat'
C:\Users\DxGod\Desktop\Bicicleta\Bicicleta\Bicicleta.cpp(640,61): warning C4305: 'argument': truncation from 'double' to 'GLfloat'
C:\Users\DxGod\Desktop\Bicicleta\Bicicleta\Bicicleta.cpp(641,34): warning C4305: 'argument': truncation from 'double' to 'GLfloat'
C:\Users\DxGod\Desktop\Bicicleta\Bicicleta\Bicicleta.cpp(641,57): warning C4305: 'argument': truncation from 'double' to 'GLfloat'
C:\Users\DxGod\Desktop\Bicicleta\Bicicleta\Bicicleta.cpp(642,36): warning C4305: 'argument': truncation from 'double' to 'GLfloat'
C:\Users\DxGod\Desktop\Bicicleta\Bicicleta\Bicicleta.cpp(642,60): warning C4305: 'argument': truncation from 'double' to 'GLfloat'
C:\Users\DxGod\Desktop\Bicicleta\Bicicleta\Bicicleta.cpp(643,36): warning C4305: 'argument': truncation from 'double' to 'GLfloat'
C:\Users\DxGod\Desktop\Bicicleta\Bicicleta\Bicicleta.cpp(643,63): warning C4305: 'argument': truncation from 'double' to 'GLfloat'
C:\Users\DxGod\Desktop\Bicicleta\Bicicleta\Bicicleta.cpp(647,35): warning C4305: 'argument': truncation from 'double' to 'GLfloat'
C:\Users\DxGod\Desktop\Bicicleta\Bicicleta\Bicicleta.cpp(647,64): warning C4305: 'argument': truncation from 'double' to 'GLfloat'
C:\Users\DxGod\Desktop\Bicicleta\Bicicleta\Bicicleta.cpp(648,34): warning C4305: 'argument': truncation from 'double' to 'GLfloat'
C:\Users\DxGod\Desktop\Bicicleta\Bicicleta\Bicicleta.cpp(648,60): warning C4305: 'argument': truncation from 'double' to 'GLfloat'
C:\Users\DxGod\Desktop\Bicicleta\Bicicleta\Bicicleta.cpp(649,35): warning C4305: 'argument': truncation from 'double' to 'GLfloat'
C:\Users\DxGod\Desktop\Bicicleta\Bicicleta\Bicicleta.cpp(649,62): warning C4305: 'argument': truncation from 'double' to 'GLfloat'
C:\Users\DxGod\Desktop\Bicicleta\Bicicleta\Bicicleta.cpp(650,36): warning C4305: 'argument': truncation from 'double' to 'GLfloat'
C:\Users\DxGod\Desktop\Bicicleta\Bicicleta\Bicicleta.cpp(650,66): warning C4305: 'argument': truncation from 'double' to 'GLfloat'
C:\Users\DxGod\Desktop\Bicicleta\Bicicleta\Bicicleta.cpp(657,25): warning C4305: 'argument': truncation from 'double' to 'GLfloat'
C:\Users\DxGod\Desktop\Bicicleta\Bicicleta\Bicicleta.cpp(671,25): warning C4305: 'argument': truncation from 'double' to 'GLfloat'
C:\Users\DxGod\Desktop\Bicicleta\Bicicleta\Bicicleta.cpp(679,29): warning C4305: 'argument': truncation from 'double' to 'GLfloat'
C:\Users\DxGod\Desktop\Bicicleta\Bicicleta\Bicicleta.cpp(686,28): warning C4305: 'argument': truncation from 'double' to 'GLfloat'
C:\Users\DxGod\Desktop\Bicicleta\Bicicleta\Bicicleta.cpp(695,25): warning C4305: 'argument': truncation from 'double' to 'GLfloat'
C:\Users\DxGod\Desktop\Bicicleta\Bicicleta\Bicicleta.cpp(740,26): warning C4305: 'argument': truncation from 'double' to 'GLfloat'
  Bicicleta.vcxproj -> C:\Users\DxGod\Desktop\Bicicleta\Debug\Bicicleta.exe
